#
# There is insufficient memory for the Java Runtime Environment to continue.
# Native memory allocation (mmap) failed to map 3702784 bytes for G1 virtual space
# Possible reasons:
#   The system is out of physical RAM or swap space
#   The process is running with CompressedOops enabled, and the Java Heap may be blocking the growth of the native heap
# Possible solutions:
#   Reduce memory load on the system
#   Increase physical memory or swap space
#   Check if swap backing store is full
#   Decrease Java heap size (-Xmx/-Xms)
#   Decrease number of Java threads
#   Decrease Java thread stack sizes (-Xss)
#   Set larger code cache with -XX:ReservedCodeCacheSize=
#   JVM is running with Zero Based Compressed Oops mode in which the Java heap is
#     placed in the first 32GB address space. The Java Heap base address is the
#     maximum limit for the native heap growth. Please use -XX:HeapBaseMinAddress
#     to set the Java Heap base and to place the Java Heap above 32GB virtual address.
# This output file may be truncated or incomplete.
#
#  Out of Memory Error (os_windows.cpp:3550), pid=43040, tid=42548
#
# JRE version: Java(TM) SE Runtime Environment (17.0.7+8) (build 17.0.7+8-LTS-224)
# Java VM: Java HotSpot(TM) 64-Bit Server VM (17.0.7+8-LTS-224, mixed mode, sharing, tiered, compressed oops, compressed class ptrs, g1 gc, windows-amd64)
# No core dump will be written. Minidumps are not enabled by default on client versions of Windows
#

---------------  S U M M A R Y ------------

Command Line: -ea -Didea.test.cyclic.buffer.size=1048576 -javaagent:E:\develop\IntelliJ_IDEA_Ultimate\IntelliJ IDEA 2023.2.4\lib\idea_rt.jar=7004:E:\develop\IntelliJ_IDEA_Ultimate\IntelliJ IDEA 2023.2.4\bin -Dfile.encoding=UTF-8 com.intellij.rt.junit.JUnitStarter -ideVersion5 -junit5 com.waihai.usercenter.service.InsertUserTest,doConcurrencyInsertUser

Host: AMD Ryzen 7 5825U with Radeon Graphics         , 16 cores, 15G,  Windows 10 , 64 bit Build 19041 (10.0.19041.928)
Time: Mon Apr 29 21:44:31 2024  Windows 10 , 64 bit Build 19041 (10.0.19041.928) elapsed time: 5.805296 seconds (0d 0h 0m 5s)

---------------  T H R E A D  ---------------

Current thread (0x000001f32531a360):  VMThread "VM Thread" [stack: 0x000000e140000000,0x000000e140100000] [id=42548]

Stack: [0x000000e140000000,0x000000e140100000]
Native frames: (J=compiled Java code, j=interpreted, Vv=VM code, C=native code)
V  [jvm.dll+0x676a4a]
V  [jvm.dll+0x7d74f4]
V  [jvm.dll+0x7d8c9e]
V  [jvm.dll+0x7d9303]
V  [jvm.dll+0x2452c5]
V  [jvm.dll+0x6738f9]
V  [jvm.dll+0x668232]
V  [jvm.dll+0x302826]
V  [jvm.dll+0x309da6]
V  [jvm.dll+0x359543]
V  [jvm.dll+0x35975f]
V  [jvm.dll+0x2d9a38]
V  [jvm.dll+0x2d7e45]
V  [jvm.dll+0x2d744c]
V  [jvm.dll+0x31ab1b]
V  [jvm.dll+0x7ddb0b]
V  [jvm.dll+0x7de844]
V  [jvm.dll+0x7ded5d]
V  [jvm.dll+0x7df134]
V  [jvm.dll+0x7df200]
V  [jvm.dll+0x78759a]
V  [jvm.dll+0x675875]
C  [ucrtbase.dll+0x21bb2]
C  [KERNEL32.DLL+0x17034]
C  [ntdll.dll+0x52651]

VM_Operation (0x000000e1432fc3c0): G1CollectForAllocation, mode: safepoint, requested by thread 0x000001f32e8ea0b0


---------------  P R O C E S S  ---------------

Threads class SMR info:
_java_thread_list=0x000001f332510ba0, length=39, elements={
0x000001f301ff4310, 0x000001f32531dd60, 0x000001f32531e8e0, 0x000001f325c09040,
0x000001f325c09900, 0x000001f325c0a1c0, 0x000001f325c12aa0, 0x000001f325c13ca0,
0x000001f325c273c0, 0x000001f325c324d0, 0x000001f325e57490, 0x000001f325e5f330,
0x000001f325eefd70, 0x000001f325ef0240, 0x000001f32682a720, 0x000001f3292988f0,
0x000001f3270e0920, 0x000001f328d4f5b0, 0x000001f32766c930, 0x000001f32a03f810,
0x000001f32766eae0, 0x000001f32766c460, 0x000001f32766ce00, 0x000001f32766efb0,
0x000001f32766dc70, 0x000001f32766f480, 0x000001f32766f950, 0x000001f32e8eb8c0,
0x000001f32e8ea580, 0x000001f32e8e9be0, 0x000001f32e8eaf20, 0x000001f32e8e6220,
0x000001f32e8ea0b0, 0x000001f32e8ebd90, 0x000001f32e8e83d0, 0x000001f32e8e88a0,
0x000001f32e8ec260, 0x000001f32e8e9710, 0x000001f32a03edf0
}

Java Threads: ( => current thread )
  0x000001f301ff4310 JavaThread "main" [_thread_blocked, id=43328, stack(0x000000e13fa00000,0x000000e13fb00000)]
  0x000001f32531dd60 JavaThread "Reference Handler" daemon [_thread_blocked, id=47856, stack(0x000000e140100000,0x000000e140200000)]
  0x000001f32531e8e0 JavaThread "Finalizer" daemon [_thread_blocked, id=47176, stack(0x000000e140200000,0x000000e140300000)]
  0x000001f325c09040 JavaThread "Signal Dispatcher" daemon [_thread_blocked, id=39360, stack(0x000000e140300000,0x000000e140400000)]
  0x000001f325c09900 JavaThread "Attach Listener" daemon [_thread_blocked, id=32476, stack(0x000000e140400000,0x000000e140500000)]
  0x000001f325c0a1c0 JavaThread "Service Thread" daemon [_thread_blocked, id=45784, stack(0x000000e140500000,0x000000e140600000)]
  0x000001f325c12aa0 JavaThread "Monitor Deflation Thread" daemon [_thread_blocked, id=12640, stack(0x000000e140600000,0x000000e140700000)]
  0x000001f325c13ca0 JavaThread "C2 CompilerThread0" daemon [_thread_blocked, id=38188, stack(0x000000e140700000,0x000000e140800000)]
  0x000001f325c273c0 JavaThread "C1 CompilerThread0" daemon [_thread_blocked, id=42504, stack(0x000000e140800000,0x000000e140900000)]
  0x000001f325c324d0 JavaThread "Sweeper thread" daemon [_thread_blocked, id=42488, stack(0x000000e140900000,0x000000e140a00000)]
  0x000001f325e57490 JavaThread "Common-Cleaner" daemon [_thread_blocked, id=40740, stack(0x000000e140a00000,0x000000e140b00000)]
  0x000001f325e5f330 JavaThread "C2 CompilerThread1" daemon [_thread_blocked, id=29456, stack(0x000000e140d00000,0x000000e140e00000)]
  0x000001f325eefd70 JavaThread "Monitor Ctrl-Break" daemon [_thread_in_native, id=46904, stack(0x000000e140e00000,0x000000e140f00000)]
  0x000001f325ef0240 JavaThread "Notification Thread" daemon [_thread_blocked, id=26140, stack(0x000000e140f00000,0x000000e141000000)]
  0x000001f32682a720 JavaThread "C2 CompilerThread2" daemon [_thread_blocked, id=46432, stack(0x000000e141100000,0x000000e141200000)]
  0x000001f3292988f0 JavaThread "C2 CompilerThread3" daemon [_thread_in_native, id=36928, stack(0x000000e141a00000,0x000000e141b00000)]
  0x000001f3270e0920 JavaThread "C2 CompilerThread4" daemon [_thread_in_native, id=23656, stack(0x000000e141c00000,0x000000e141d00000)]
  0x000001f328d4f5b0 JavaThread "C2 CompilerThread5" daemon [_thread_blocked, id=43004, stack(0x000000e141b00000,0x000000e141c00000)]
  0x000001f32766c930 JavaThread "mysql-cj-abandoned-connection-cleanup" daemon [_thread_blocked, id=46436, stack(0x000000e142400000,0x000000e142500000)]
  0x000001f32a03f810 JavaThread "C2 CompilerThread6" daemon [_thread_blocked, id=44824, stack(0x000000e142500000,0x000000e142600000)]
  0x000001f32766eae0 JavaThread "pool-1-thread-1" [_thread_blocked, id=41040, stack(0x000000e142600000,0x000000e142700000)]
  0x000001f32766c460 JavaThread "pool-1-thread-2" [_thread_blocked, id=45228, stack(0x000000e142700000,0x000000e142800000)]
  0x000001f32766ce00 JavaThread "pool-1-thread-3" [_thread_blocked, id=46632, stack(0x000000e142800000,0x000000e142900000)]
  0x000001f32766efb0 JavaThread "pool-1-thread-4" [_thread_blocked, id=21396, stack(0x000000e142900000,0x000000e142a00000)]
  0x000001f32766dc70 JavaThread "pool-1-thread-5" [_thread_blocked, id=28668, stack(0x000000e142a00000,0x000000e142b00000)]
  0x000001f32766f480 JavaThread "pool-1-thread-6" [_thread_blocked, id=32296, stack(0x000000e142b00000,0x000000e142c00000)]
  0x000001f32766f950 JavaThread "pool-1-thread-7" [_thread_blocked, id=18392, stack(0x000000e142c00000,0x000000e142d00000)]
  0x000001f32e8eb8c0 JavaThread "pool-1-thread-8" [_thread_blocked, id=45828, stack(0x000000e142d00000,0x000000e142e00000)]
  0x000001f32e8ea580 JavaThread "pool-1-thread-9" [_thread_blocked, id=30108, stack(0x000000e142e00000,0x000000e142f00000)]
  0x000001f32e8e9be0 JavaThread "pool-1-thread-10" [_thread_blocked, id=28936, stack(0x000000e142f00000,0x000000e143000000)]
  0x000001f32e8eaf20 JavaThread "pool-1-thread-11" [_thread_blocked, id=36400, stack(0x000000e143000000,0x000000e143100000)]
  0x000001f32e8e6220 JavaThread "pool-1-thread-12" [_thread_blocked, id=46624, stack(0x000000e143100000,0x000000e143200000)]
  0x000001f32e8ea0b0 JavaThread "pool-1-thread-13" [_thread_blocked, id=24228, stack(0x000000e143200000,0x000000e143300000)]
  0x000001f32e8ebd90 JavaThread "pool-1-thread-14" [_thread_blocked, id=26780, stack(0x000000e143300000,0x000000e143400000)]
  0x000001f32e8e83d0 JavaThread "pool-1-thread-15" [_thread_blocked, id=16212, stack(0x000000e143400000,0x000000e143500000)]
  0x000001f32e8e88a0 JavaThread "pool-1-thread-16" [_thread_blocked, id=37784, stack(0x000000e143500000,0x000000e143600000)]
  0x000001f32e8ec260 JavaThread "HikariPool-1 housekeeper" daemon [_thread_blocked, id=45472, stack(0x000000e143700000,0x000000e143800000)]
  0x000001f32e8e9710 JavaThread "HikariPool-1 connection adder" daemon [_thread_blocked, id=37156, stack(0x000000e143800000,0x000000e143900000)]
  0x000001f32a03edf0 JavaThread "C2 CompilerThread7" daemon [_thread_blocked, id=34604, stack(0x000000e143f00000,0x000000e144000000)]

Other Threads:
=>0x000001f32531a360 VMThread "VM Thread" [stack: 0x000000e140000000,0x000000e140100000] [id=42548]
  0x000001f302084ae0 WatcherThread [stack: 0x000000e141000000,0x000000e141100000] [id=45148]
  0x000001f30205eaa0 GCTaskThread "GC Thread#0" [stack: 0x000000e13fb00000,0x000000e13fc00000] [id=47532]
  0x000001f326c5d780 GCTaskThread "GC Thread#1" [stack: 0x000000e141200000,0x000000e141300000] [id=44264]
  0x000001f326c5da30 GCTaskThread "GC Thread#2" [stack: 0x000000e141300000,0x000000e141400000] [id=42588]
  0x000001f326782780 GCTaskThread "GC Thread#3" [stack: 0x000000e141400000,0x000000e141500000] [id=47308]
  0x000001f326783240 GCTaskThread "GC Thread#4" [stack: 0x000000e141500000,0x000000e141600000] [id=1548]
  0x000001f3270e76b0 GCTaskThread "GC Thread#5" [stack: 0x000000e141700000,0x000000e141800000] [id=34472]
  0x000001f32777f280 GCTaskThread "GC Thread#6" [stack: 0x000000e141800000,0x000000e141900000] [id=14096]
  0x000001f327421fc0 GCTaskThread "GC Thread#7" [stack: 0x000000e141900000,0x000000e141a00000] [id=18612]
  0x000001f327740760 GCTaskThread "GC Thread#8" [stack: 0x000000e141d00000,0x000000e141e00000] [id=44912]
  0x000001f329beb5c0 GCTaskThread "GC Thread#9" [stack: 0x000000e141e00000,0x000000e141f00000] [id=14780]
  0x000001f327249700 GCTaskThread "GC Thread#10" [stack: 0x000000e141f00000,0x000000e142000000] [id=43048]
  0x000001f3299b3b80 GCTaskThread "GC Thread#11" [stack: 0x000000e142000000,0x000000e142100000] [id=35776]
  0x000001f329bee4d0 GCTaskThread "GC Thread#12" [stack: 0x000000e142100000,0x000000e142200000] [id=21928]
  0x000001f30206fd10 ConcurrentGCThread "G1 Main Marker" [stack: 0x000000e13fc00000,0x000000e13fd00000] [id=27496]
  0x000001f302070cd0 ConcurrentGCThread "G1 Conc#0" [stack: 0x000000e13fd00000,0x000000e13fe00000] [id=42228]
  0x000001f328d4eea0 ConcurrentGCThread "G1 Conc#1" [stack: 0x000000e142200000,0x000000e142300000] [id=37936]
  0x000001f329214f20 ConcurrentGCThread "G1 Conc#2" [stack: 0x000000e142300000,0x000000e142400000] [id=30012]
  0x000001f3251ce540 ConcurrentGCThread "G1 Refine#0" [stack: 0x000000e13fe00000,0x000000e13ff00000] [id=47180]
  0x000001f32b1305a0 ConcurrentGCThread "G1 Refine#1" [stack: 0x000000e143900000,0x000000e143a00000] [id=45968]
  0x000001f32b12ffe0 ConcurrentGCThread "G1 Refine#2" [stack: 0x000000e143a00000,0x000000e143b00000] [id=46880]
  0x000001f32b130880 ConcurrentGCThread "G1 Refine#3" [stack: 0x000000e143b00000,0x000000e143c00000] [id=3240]
  0x000001f32b12ebc0 ConcurrentGCThread "G1 Refine#4" [stack: 0x000000e143c00000,0x000000e143d00000] [id=33308]
  0x000001f32b12eea0 ConcurrentGCThread "G1 Refine#5" [stack: 0x000000e143d00000,0x000000e143e00000] [id=42768]
  0x000001f32b12f180 ConcurrentGCThread "G1 Refine#6" [stack: 0x000000e143e00000,0x000000e143f00000] [id=42896]
  0x000001f3251d0c30 ConcurrentGCThread "G1 Service" [stack: 0x000000e13ff00000,0x000000e140000000] [id=45036]

Threads with active compile tasks:
C2 CompilerThread0     5818 7100   !   4       com.baomidou.mybatisplus.core.MybatisParameterHandler::setParameters (266 bytes)
C2 CompilerThread1     5818 6904   !   4       org.apache.ibatis.logging.jdbc.PreparedStatementLogger::invoke (322 bytes)
C2 CompilerThread2     5818 7006   !   4       jdk.proxy3.$Proxy150::setString (41 bytes)
C2 CompilerThread3     5818 7150       4       org.apache.ibatis.scripting.xmltags.TrimSqlNode$FilteredDynamicContext::applyAll (75 bytes)
C2 CompilerThread4     5818 6919   !   4       org.apache.ibatis.type.BaseTypeHandler::setParameter (149 bytes)
C2 CompilerThread5     5818 7036       4       org.apache.ibatis.type.StringTypeHandler::setNonNullParameter (13 bytes)
C2 CompilerThread6     5818 7128       4       org.apache.ibatis.type.IntegerTypeHandler::setNonNullParameter (13 bytes)
C2 CompilerThread7     5818 7120   !   4       jdk.proxy3.$Proxy150::setInt (44 bytes)

VM state: at safepoint (normal execution)

VM Mutex/Monitor currently owned by a thread:  ([mutex/lock_event])
[0x000001f301feebb0] Threads_lock - owner thread: 0x000001f32531a360
[0x000001f301fef0c0] Heap_lock - owner thread: 0x000001f32e8ea0b0

Heap address: 0x000000070ae00000, size: 3922 MB, Compressed Oops mode: Zero based, Oop shift amount: 3

CDS archive(s) mapped at: [0x0000000800000000-0x0000000800bd0000-0x0000000800bd0000), size 12386304, SharedBaseAddress: 0x0000000800000000, ArchiveRelocationMode: 0.
Compressed class space mapped at: 0x0000000800c00000-0x0000000840c00000, reserved size: 1073741824
Narrow klass base: 0x0000000800000000, Narrow klass shift: 0, Narrow klass range: 0x100000000

GC Precious Log:
 CPUs: 16 total, 16 available
 Memory: 15681M
 Large Page Support: Disabled
 NUMA Support: Disabled
 Compressed Oops: Enabled (Zero based)
 Heap Region Size: 2M
 Heap Min Capacity: 8M
 Heap Initial Capacity: 246M
 Heap Max Capacity: 3922M
 Pre-touch: Disabled
 Parallel Workers: 13
 Concurrent Workers: 3
 Concurrent Refinement Workers: 13
 Periodic GC: Disabled

Heap:
 garbage-first heap   total 264192K, used 87430K [0x000000070ae00000, 0x0000000800000000)
  region size 2048K, 7 young (14336K), 7 survivors (14336K)
 Metaspace       used 54455K, committed 54976K, reserved 1097728K
  class space    used 7171K, committed 7424K, reserved 1048576K

Heap Regions: E=young(eden), S=young(survivor), O=old, HS=humongous(starts), HC=humongous(continues), CS=collection set, F=free, OA=open archive, CA=closed archive, TAMS=top-at-mark-start (previous, next)
|   0|0x000000070ae00000, 0x000000070b000000, 0x000000070b000000|100%| O|  |TAMS 0x000000070b000000, 0x000000070ae00000| Untracked 
|   1|0x000000070b000000, 0x000000070b200000, 0x000000070b200000|100%| O|  |TAMS 0x000000070b200000, 0x000000070b000000| Untracked 
|   2|0x000000070b200000, 0x000000070b400000, 0x000000070b400000|100%| O|  |TAMS 0x000000070b400000, 0x000000070b200000| Untracked 
|   3|0x000000070b400000, 0x000000070b600000, 0x000000070b600000|100%| O|  |TAMS 0x000000070b600000, 0x000000070b400000| Untracked 
|   4|0x000000070b600000, 0x000000070b6a9200, 0x000000070b800000| 33%| O|  |TAMS 0x000000070b6a9200, 0x000000070b600000| Untracked 
|   5|0x000000070b800000, 0x000000070ba00000, 0x000000070ba00000|100%| O|  |TAMS 0x000000070ba00000, 0x000000070b800000| Untracked 
|   6|0x000000070ba00000, 0x000000070bc00000, 0x000000070bc00000|100%| O|  |TAMS 0x000000070bc00000, 0x000000070ba00000| Untracked 
|   7|0x000000070bc00000, 0x000000070be00000, 0x000000070be00000|100%| O|  |TAMS 0x000000070be00000, 0x000000070bc00000| Untracked 
|   8|0x000000070be00000, 0x000000070c000000, 0x000000070c000000|100%| O|  |TAMS 0x000000070c000000, 0x000000070be00000| Untracked 
|   9|0x000000070c000000, 0x000000070c200000, 0x000000070c200000|100%| O|  |TAMS 0x000000070c200000, 0x000000070c000000| Untracked 
|  10|0x000000070c200000, 0x000000070c400000, 0x000000070c400000|100%| O|  |TAMS 0x000000070c400000, 0x000000070c200000| Untracked 
|  11|0x000000070c400000, 0x000000070c600000, 0x000000070c600000|100%| O|  |TAMS 0x000000070c600000, 0x000000070c400000| Untracked 
|  12|0x000000070c600000, 0x000000070c800000, 0x000000070c800000|100%| O|  |TAMS 0x000000070c800000, 0x000000070c600000| Untracked 
|  13|0x000000070c800000, 0x000000070ca00000, 0x000000070ca00000|100%| O|  |TAMS 0x000000070ca00000, 0x000000070c800000| Untracked 
|  14|0x000000070ca00000, 0x000000070cc00000, 0x000000070cc00000|100%| O|  |TAMS 0x000000070cc00000, 0x000000070ca00000| Untracked 
|  15|0x000000070cc00000, 0x000000070ce00000, 0x000000070ce00000|100%| O|  |TAMS 0x000000070ce00000, 0x000000070cc00000| Untracked 
|  16|0x000000070ce00000, 0x000000070d000000, 0x000000070d000000|100%| O|  |TAMS 0x000000070d000000, 0x000000070ce00000| Untracked 
|  17|0x000000070d000000, 0x000000070d200000, 0x000000070d200000|100%| O|  |TAMS 0x000000070d200000, 0x000000070d000000| Untracked 
|  18|0x000000070d200000, 0x000000070d400000, 0x000000070d400000|100%| O|  |TAMS 0x000000070d400000, 0x000000070d200000| Untracked 
|  19|0x000000070d400000, 0x000000070d600000, 0x000000070d600000|100%| O|  |TAMS 0x000000070d499a00, 0x000000070d400000| Untracked 
|  20|0x000000070d600000, 0x000000070d800000, 0x000000070d800000|100%| O|  |TAMS 0x000000070d600000, 0x000000070d600000| Untracked 
|  21|0x000000070d800000, 0x000000070da00000, 0x000000070da00000|100%| O|  |TAMS 0x000000070d800000, 0x000000070d800000| Untracked 
|  22|0x000000070da00000, 0x000000070dc00000, 0x000000070dc00000|100%| O|  |TAMS 0x000000070da00000, 0x000000070da00000| Untracked 
|  23|0x000000070dc00000, 0x000000070de00000, 0x000000070de00000|100%| O|  |TAMS 0x000000070dc00000, 0x000000070dc00000| Untracked 
|  24|0x000000070de00000, 0x000000070e000000, 0x000000070e000000|100%| O|  |TAMS 0x000000070de00000, 0x000000070de00000| Untracked 
|  25|0x000000070e000000, 0x000000070e200000, 0x000000070e200000|100%| O|  |TAMS 0x000000070e000000, 0x000000070e000000| Untracked 
|  26|0x000000070e200000, 0x000000070e400000, 0x000000070e400000|100%| O|  |TAMS 0x000000070e200000, 0x000000070e200000| Untracked 
|  27|0x000000070e400000, 0x000000070e600000, 0x000000070e600000|100%| O|  |TAMS 0x000000070e400000, 0x000000070e400000| Untracked 
|  28|0x000000070e600000, 0x000000070e800000, 0x000000070e800000|100%| O|  |TAMS 0x000000070e600000, 0x000000070e600000| Untracked 
|  29|0x000000070e800000, 0x000000070ea00000, 0x000000070ea00000|100%| O|  |TAMS 0x000000070e800000, 0x000000070e800000| Untracked 
|  30|0x000000070ea00000, 0x000000070ec00000, 0x000000070ec00000|100%| O|  |TAMS 0x000000070ea00000, 0x000000070ea00000| Untracked 
|  31|0x000000070ec00000, 0x000000070ee00000, 0x000000070ee00000|100%| O|  |TAMS 0x000000070ec00000, 0x000000070ec00000| Untracked 
|  32|0x000000070ee00000, 0x000000070f000000, 0x000000070f000000|100%| O|  |TAMS 0x000000070ee00000, 0x000000070ee00000| Untracked 
|  33|0x000000070f000000, 0x000000070f200000, 0x000000070f200000|100%| O|  |TAMS 0x000000070f000000, 0x000000070f000000| Untracked 
|  34|0x000000070f200000, 0x000000070f400000, 0x000000070f400000|100%| O|  |TAMS 0x000000070f200000, 0x000000070f200000| Untracked 
|  35|0x000000070f400000, 0x000000070f600000, 0x000000070f600000|100%| O|  |TAMS 0x000000070f400000, 0x000000070f400000| Untracked 
|  36|0x000000070f600000, 0x000000070f800000, 0x000000070f800000|100%| O|  |TAMS 0x000000070f600000, 0x000000070f600000| Untracked 
|  37|0x000000070f800000, 0x000000070f859c00, 0x000000070fa00000| 17%| O|  |TAMS 0x000000070f800000, 0x000000070f800000| Untracked 
|  38|0x000000070fa00000, 0x000000070fa00000, 0x000000070fc00000|  0%| F|  |TAMS 0x000000070fa00000, 0x000000070fa00000| Untracked 
|  39|0x000000070fc00000, 0x000000070fc00000, 0x000000070fe00000|  0%| F|  |TAMS 0x000000070fc00000, 0x000000070fc00000| Untracked 
|  40|0x000000070fe00000, 0x000000070fe00000, 0x0000000710000000|  0%| F|  |TAMS 0x000000070fe00000, 0x000000070fe00000| Untracked 
|  41|0x0000000710000000, 0x0000000710000000, 0x0000000710200000|  0%| F|  |TAMS 0x0000000710000000, 0x0000000710000000| Untracked 
|  42|0x0000000710200000, 0x0000000710200000, 0x0000000710400000|  0%| F|  |TAMS 0x0000000710200000, 0x0000000710200000| Untracked 
|  43|0x0000000710400000, 0x0000000710400000, 0x0000000710600000|  0%| F|  |TAMS 0x0000000710400000, 0x0000000710400000| Untracked 
|  44|0x0000000710600000, 0x0000000710600000, 0x0000000710800000|  0%| F|  |TAMS 0x0000000710600000, 0x0000000710600000| Untracked 
|  45|0x0000000710800000, 0x0000000710800000, 0x0000000710a00000|  0%| F|  |TAMS 0x0000000710800000, 0x0000000710800000| Untracked 
|  46|0x0000000710a00000, 0x0000000710a00000, 0x0000000710c00000|  0%| F|  |TAMS 0x0000000710a00000, 0x0000000710a00000| Untracked 
|  47|0x0000000710c00000, 0x0000000710c00000, 0x0000000710e00000|  0%| F|  |TAMS 0x0000000710c00000, 0x0000000710c00000| Untracked 
|  48|0x0000000710e00000, 0x0000000710e00000, 0x0000000711000000|  0%| F|  |TAMS 0x0000000710e00000, 0x0000000710e00000| Untracked 
|  49|0x0000000711000000, 0x000000071105edc0, 0x0000000711200000| 18%| S|CS|TAMS 0x0000000711000000, 0x0000000711000000| Complete 
|  50|0x0000000711200000, 0x0000000711400000, 0x0000000711400000|100%| S|CS|TAMS 0x0000000711200000, 0x0000000711200000| Complete 
|  51|0x0000000711400000, 0x0000000711400000, 0x0000000711600000|  0%| F|  |TAMS 0x0000000711400000, 0x0000000711400000| Untracked 
|  52|0x0000000711600000, 0x0000000711600000, 0x0000000711800000|  0%| F|  |TAMS 0x0000000711600000, 0x0000000711600000| Untracked 
|  53|0x0000000711800000, 0x0000000711800000, 0x0000000711a00000|  0%| F|  |TAMS 0x0000000711800000, 0x0000000711800000| Untracked 
|  54|0x0000000711a00000, 0x0000000711a00000, 0x0000000711c00000|  0%| F|  |TAMS 0x0000000711a00000, 0x0000000711a00000| Untracked 
|  55|0x0000000711c00000, 0x0000000711c00000, 0x0000000711e00000|  0%| F|  |TAMS 0x0000000711c00000, 0x0000000711c00000| Untracked 
|  56|0x0000000711e00000, 0x0000000712000000, 0x0000000712000000|100%| S|CS|TAMS 0x0000000711e00000, 0x0000000711e00000| Complete 
|  57|0x0000000712000000, 0x0000000712200000, 0x0000000712200000|100%| S|CS|TAMS 0x0000000712000000, 0x0000000712000000| Complete 
|  58|0x0000000712200000, 0x0000000712400000, 0x0000000712400000|100%| S|CS|TAMS 0x0000000712200000, 0x0000000712200000| Complete 
|  59|0x0000000712400000, 0x0000000712400000, 0x0000000712600000|  0%| F|  |TAMS 0x0000000712400000, 0x0000000712400000| Untracked 
|  60|0x0000000712600000, 0x0000000712600000, 0x0000000712800000|  0%| F|  |TAMS 0x0000000712600000, 0x0000000712600000| Untracked 
|  61|0x0000000712800000, 0x0000000712a00000, 0x0000000712a00000|100%| S|CS|TAMS 0x0000000712800000, 0x0000000712800000| Complete 
|  62|0x0000000712a00000, 0x0000000712c00000, 0x0000000712c00000|100%| S|CS|TAMS 0x0000000712a00000, 0x0000000712a00000| Complete 
|  63|0x0000000712c00000, 0x0000000712c00000, 0x0000000712e00000|  0%| F|  |TAMS 0x0000000712c00000, 0x0000000712c00000| Untracked 
|  64|0x0000000712e00000, 0x0000000712e00000, 0x0000000713000000|  0%| F|  |TAMS 0x0000000712e00000, 0x0000000712e00000| Untracked 
|  65|0x0000000713000000, 0x0000000713000000, 0x0000000713200000|  0%| F|  |TAMS 0x0000000713000000, 0x0000000713000000| Untracked 
|  66|0x0000000713200000, 0x0000000713200000, 0x0000000713400000|  0%| F|  |TAMS 0x0000000713200000, 0x0000000713200000| Untracked 
|  67|0x0000000713400000, 0x0000000713400000, 0x0000000713600000|  0%| F|  |TAMS 0x0000000713400000, 0x0000000713400000| Untracked 
|  68|0x0000000713600000, 0x0000000713600000, 0x0000000713800000|  0%| F|  |TAMS 0x0000000713600000, 0x0000000713600000| Untracked 
|  69|0x0000000713800000, 0x0000000713800000, 0x0000000713a00000|  0%| F|  |TAMS 0x0000000713800000, 0x0000000713800000| Untracked 
|  70|0x0000000713a00000, 0x0000000713a00000, 0x0000000713c00000|  0%| F|  |TAMS 0x0000000713a00000, 0x0000000713a00000| Untracked 
|  71|0x0000000713c00000, 0x0000000713c00000, 0x0000000713e00000|  0%| F|  |TAMS 0x0000000713c00000, 0x0000000713c00000| Untracked 
|  72|0x0000000713e00000, 0x0000000713e00000, 0x0000000714000000|  0%| F|  |TAMS 0x0000000713e00000, 0x0000000713e00000| Untracked 
|  73|0x0000000714000000, 0x0000000714000000, 0x0000000714200000|  0%| F|  |TAMS 0x0000000714000000, 0x0000000714000000| Untracked 
|  74|0x0000000714200000, 0x0000000714200000, 0x0000000714400000|  0%| F|  |TAMS 0x0000000714200000, 0x0000000714200000| Untracked 
|  75|0x0000000714400000, 0x0000000714400000, 0x0000000714600000|  0%| F|  |TAMS 0x0000000714400000, 0x0000000714400000| Untracked 
|  76|0x0000000714600000, 0x0000000714600000, 0x0000000714800000|  0%| F|  |TAMS 0x0000000714600000, 0x0000000714600000| Untracked 
|  77|0x0000000714800000, 0x0000000714800000, 0x0000000714a00000|  0%| F|  |TAMS 0x0000000714800000, 0x0000000714800000| Untracked 
|  78|0x0000000714a00000, 0x0000000714a00000, 0x0000000714c00000|  0%| F|  |TAMS 0x0000000714a00000, 0x0000000714a00000| Untracked 
|  79|0x0000000714c00000, 0x0000000714c00000, 0x0000000714e00000|  0%| F|  |TAMS 0x0000000714c00000, 0x0000000714c00000| Untracked 
|  80|0x0000000714e00000, 0x0000000714e00000, 0x0000000715000000|  0%| F|  |TAMS 0x0000000714e00000, 0x0000000714e00000| Untracked 
|  81|0x0000000715000000, 0x0000000715000000, 0x0000000715200000|  0%| F|  |TAMS 0x0000000715000000, 0x0000000715000000| Untracked 
|  82|0x0000000715200000, 0x0000000715200000, 0x0000000715400000|  0%| F|  |TAMS 0x0000000715200000, 0x0000000715200000| Untracked 
|  83|0x0000000715400000, 0x0000000715400000, 0x0000000715600000|  0%| F|  |TAMS 0x0000000715400000, 0x0000000715400000| Untracked 
|  84|0x0000000715600000, 0x0000000715600000, 0x0000000715800000|  0%| F|  |TAMS 0x0000000715600000, 0x0000000715600000| Untracked 
|  85|0x0000000715800000, 0x0000000715800000, 0x0000000715a00000|  0%| F|  |TAMS 0x0000000715800000, 0x0000000715800000| Untracked 
|  86|0x0000000715a00000, 0x0000000715a00000, 0x0000000715c00000|  0%| F|  |TAMS 0x0000000715a00000, 0x0000000715a00000| Untracked 
|  87|0x0000000715c00000, 0x0000000715c00000, 0x0000000715e00000|  0%| F|  |TAMS 0x0000000715c00000, 0x0000000715c00000| Untracked 
|  88|0x0000000715e00000, 0x0000000715e00000, 0x0000000716000000|  0%| F|  |TAMS 0x0000000715e00000, 0x0000000715e00000| Untracked 
|  89|0x0000000716000000, 0x0000000716000000, 0x0000000716200000|  0%| F|  |TAMS 0x0000000716000000, 0x0000000716000000| Untracked 
|  90|0x0000000716200000, 0x0000000716200000, 0x0000000716400000|  0%| F|  |TAMS 0x0000000716200000, 0x0000000716200000| Untracked 
|  91|0x0000000716400000, 0x0000000716400000, 0x0000000716600000|  0%| F|  |TAMS 0x0000000716400000, 0x0000000716400000| Untracked 
|  92|0x0000000716600000, 0x0000000716600000, 0x0000000716800000|  0%| F|  |TAMS 0x0000000716600000, 0x0000000716600000| Untracked 
|  93|0x0000000716800000, 0x0000000716800000, 0x0000000716a00000|  0%| F|  |TAMS 0x0000000716800000, 0x0000000716800000| Untracked 
|  94|0x0000000716a00000, 0x0000000716a00000, 0x0000000716c00000|  0%| F|  |TAMS 0x0000000716a00000, 0x0000000716a00000| Untracked 
|  95|0x0000000716c00000, 0x0000000716c00000, 0x0000000716e00000|  0%| F|  |TAMS 0x0000000716c00000, 0x0000000716c00000| Untracked 
|  96|0x0000000716e00000, 0x0000000716e00000, 0x0000000717000000|  0%| F|  |TAMS 0x0000000716e00000, 0x0000000716e00000| Untracked 
|  97|0x0000000717000000, 0x0000000717000000, 0x0000000717200000|  0%| F|  |TAMS 0x0000000717000000, 0x0000000717000000| Untracked 
|  98|0x0000000717200000, 0x0000000717200000, 0x0000000717400000|  0%| F|  |TAMS 0x0000000717200000, 0x0000000717200000| Untracked 
|  99|0x0000000717400000, 0x0000000717400000, 0x0000000717600000|  0%| F|  |TAMS 0x0000000717400000, 0x0000000717400000| Untracked 
| 100|0x0000000717600000, 0x0000000717600000, 0x0000000717800000|  0%| F|  |TAMS 0x0000000717600000, 0x0000000717600000| Untracked 
| 101|0x0000000717800000, 0x0000000717800000, 0x0000000717a00000|  0%| F|  |TAMS 0x0000000717800000, 0x0000000717800000| Untracked 
| 102|0x0000000717a00000, 0x0000000717a00000, 0x0000000717c00000|  0%| F|  |TAMS 0x0000000717a00000, 0x0000000717a00000| Untracked 
| 103|0x0000000717c00000, 0x0000000717c00000, 0x0000000717e00000|  0%| F|  |TAMS 0x0000000717c00000, 0x0000000717c00000| Untracked 
| 104|0x0000000717e00000, 0x0000000717e00000, 0x0000000718000000|  0%| F|  |TAMS 0x0000000717e00000, 0x0000000717e00000| Untracked 
| 105|0x0000000718000000, 0x0000000718000000, 0x0000000718200000|  0%| F|  |TAMS 0x0000000718000000, 0x0000000718000000| Untracked 
| 106|0x0000000718200000, 0x0000000718200000, 0x0000000718400000|  0%| F|  |TAMS 0x0000000718200000, 0x0000000718200000| Untracked 
| 107|0x0000000718400000, 0x0000000718400000, 0x0000000718600000|  0%| F|  |TAMS 0x0000000718400000, 0x0000000718400000| Untracked 
| 108|0x0000000718600000, 0x0000000718600000, 0x0000000718800000|  0%| F|  |TAMS 0x0000000718600000, 0x0000000718600000| Untracked 
| 109|0x0000000718800000, 0x0000000718800000, 0x0000000718a00000|  0%| F|  |TAMS 0x0000000718800000, 0x0000000718800000| Untracked 
| 110|0x0000000718a00000, 0x0000000718a00000, 0x0000000718c00000|  0%| F|  |TAMS 0x0000000718a00000, 0x0000000718a00000| Untracked 
| 111|0x0000000718c00000, 0x0000000718c00000, 0x0000000718e00000|  0%| F|  |TAMS 0x0000000718c00000, 0x0000000718c00000| Untracked 
| 112|0x0000000718e00000, 0x0000000718e00000, 0x0000000719000000|  0%| F|  |TAMS 0x0000000718e00000, 0x0000000718e00000| Untracked 
| 113|0x0000000719000000, 0x0000000719000000, 0x0000000719200000|  0%| F|  |TAMS 0x0000000719000000, 0x0000000719000000| Untracked 
| 114|0x0000000719200000, 0x0000000719200000, 0x0000000719400000|  0%| F|  |TAMS 0x0000000719200000, 0x0000000719200000| Untracked 
| 115|0x0000000719400000, 0x0000000719400000, 0x0000000719600000|  0%| F|  |TAMS 0x0000000719400000, 0x0000000719400000| Untracked 
| 116|0x0000000719600000, 0x0000000719600000, 0x0000000719800000|  0%| F|  |TAMS 0x0000000719600000, 0x0000000719600000| Untracked 
| 117|0x0000000719800000, 0x0000000719800000, 0x0000000719a00000|  0%| F|  |TAMS 0x0000000719800000, 0x0000000719800000| Untracked 
| 118|0x0000000719a00000, 0x0000000719a00000, 0x0000000719c00000|  0%| F|  |TAMS 0x0000000719a00000, 0x0000000719a00000| Untracked 
| 119|0x0000000719c00000, 0x0000000719c00000, 0x0000000719e00000|  0%| F|  |TAMS 0x0000000719c00000, 0x0000000719c00000| Untracked 
| 120|0x0000000719e00000, 0x0000000719e00000, 0x000000071a000000|  0%| F|  |TAMS 0x0000000719e00000, 0x0000000719e00000| Untracked 
| 121|0x000000071a000000, 0x000000071a000000, 0x000000071a200000|  0%| F|  |TAMS 0x000000071a000000, 0x000000071a000000| Untracked 
| 122|0x000000071a200000, 0x000000071a200000, 0x000000071a400000|  0%| F|  |TAMS 0x000000071a200000, 0x000000071a200000| Untracked 
| 123|0x000000071a400000, 0x000000071a400000, 0x000000071a600000|  0%| F|  |TAMS 0x000000071a400000, 0x000000071a400000| Untracked 
| 124|0x000000071a600000, 0x000000071a600000, 0x000000071a800000|  0%| F|  |TAMS 0x000000071a600000, 0x000000071a600000| Untracked 
| 125|0x000000071a800000, 0x000000071a800000, 0x000000071aa00000|  0%| F|  |TAMS 0x000000071a800000, 0x000000071a800000| Untracked 
| 126|0x000000071aa00000, 0x000000071aa00000, 0x000000071ac00000|  0%| F|  |TAMS 0x000000071aa00000, 0x000000071aa00000| Untracked 
| 127|0x000000071ac00000, 0x000000071ac00000, 0x000000071ae00000|  0%| F|  |TAMS 0x000000071ac00000, 0x000000071ac00000| Untracked 
| 128|0x000000071ae00000, 0x000000071ae00000, 0x000000071b000000|  0%| F|  |TAMS 0x000000071ae00000, 0x000000071ae00000| Untracked 

Card table byte_map: [0x000001f3198a0000,0x000001f31a050000] _byte_map_base: 0x000001f316049000

Marking Bits (Prev, Next): (CMBitMap*) 0x000001f30205ff10, (CMBitMap*) 0x000001f30205fed0
 Prev Bits: [0x000001f31e550000, 0x000001f322298000)
 Next Bits: [0x000001f31a800000, 0x000001f31e548000)

Polling page: 0x000001f3017c0000

Metaspace:

Usage:
  Non-class:     46.18 MB used.
      Class:      7.00 MB used.
       Both:     53.18 MB used.

Virtual space:
  Non-class space:       48.00 MB reserved,      46.44 MB ( 97%) committed,  6 nodes.
      Class space:        1.00 GB reserved,       7.25 MB ( <1%) committed,  1 nodes.
             Both:        1.05 GB reserved,      53.69 MB (  5%) committed. 

Chunk freelists:
   Non-Class:  1.48 MB
       Class:  600.00 KB
        Both:  2.07 MB

MaxMetaspaceSize: unlimited
CompressedClassSpaceSize: 1.00 GB
Initial GC threshold: 21.00 MB
Current GC threshold: 89.38 MB
CDS: on
MetaspaceReclaimPolicy: balanced
 - commit_granule_bytes: 65536.
 - commit_granule_words: 8192.
 - virtual_space_node_default_size: 1048576.
 - enlarge_chunks_in_place: 1.
 - new_chunks_are_fully_committed: 0.
 - uncommit_free_chunks: 1.
 - use_allocation_guard: 0.
 - handle_deallocations: 1.


Internal statistics:

num_allocs_failed_limit: 6.
num_arena_births: 688.
num_arena_deaths: 20.
num_vsnodes_births: 7.
num_vsnodes_deaths: 0.
num_space_committed: 859.
num_space_uncommitted: 0.
num_chunks_returned_to_freelist: 36.
num_chunks_taken_from_freelist: 2559.
num_chunk_merges: 6.
num_chunk_splits: 1750.
num_chunks_enlarged: 1284.
num_purges: 2.
num_inconsistent_stats: 0.

CodeHeap 'non-profiled nmethods': size=119168Kb used=5549Kb max_used=5549Kb free=113618Kb
 bounds [0x000001f311410000, 0x000001f311980000, 0x000001f318870000]
CodeHeap 'profiled nmethods': size=119104Kb used=13153Kb max_used=13153Kb free=105950Kb
 bounds [0x000001f309870000, 0x000001f30a550000, 0x000001f310cc0000]
CodeHeap 'non-nmethods': size=7488Kb used=1309Kb max_used=3079Kb free=6178Kb
 bounds [0x000001f310cc0000, 0x000001f310fd0000, 0x000001f311410000]
 total_blobs=6999 nmethods=6375 adapters=535
 compilation: enabled
              stopped_count=0, restarted_count=0
 full_count=0

Compilation events (20 events):
Event: 5.544 Thread 0x000001f3292988f0 nmethod 7193 0x000001f311977210 code [0x000001f3119773c0, 0x000001f3119778f8]
Event: 5.544 Thread 0x000001f3292988f0 7136       4       java.util.ArrayList$ArrayListSpliterator::tryAdvance (79 bytes)
Event: 5.546 Thread 0x000001f3292988f0 nmethod 7136 0x000001f311977e90 code [0x000001f311978020, 0x000001f311978198]
Event: 5.546 Thread 0x000001f3292988f0 7138       4       org.apache.ibatis.scripting.xmltags.DynamicContext::appendSql (10 bytes)
Event: 5.561 Thread 0x000001f3292988f0 nmethod 7138 0x000001f311978390 code [0x000001f311978540, 0x000001f311978d98]
Event: 5.561 Thread 0x000001f3292988f0 6591       4       java.util.Spliterators::emptySpliterator (4 bytes)
Event: 5.561 Thread 0x000001f3292988f0 nmethod 6591 0x000001f311979210 code [0x000001f311979380, 0x000001f3119793d8]
Event: 5.561 Thread 0x000001f3292988f0 7144       4       java.lang.ThreadLocal::set (30 bytes)
Event: 5.571 Thread 0x000001f3292988f0 nmethod 7144 0x000001f311979510 code [0x000001f3119796c0, 0x000001f311979e48]
Event: 5.571 Thread 0x000001f3292988f0 7141       4       java.util.ArrayList$ArrayListSpliterator::estimateSize (11 bytes)
Event: 5.572 Thread 0x000001f3292988f0 nmethod 7141 0x000001f31197a290 code [0x000001f31197a400, 0x000001f31197a4b8]
Event: 5.572 Thread 0x000001f3292988f0 7142       4       java.util.ArrayList::spliterator (12 bytes)
Event: 5.573 Thread 0x000001f3292988f0 nmethod 7142 0x000001f31197a590 code [0x000001f31197a720, 0x000001f31197a818]
Event: 5.574 Thread 0x000001f3292988f0 7146  s    4       java.io.BufferedOutputStream::flush (12 bytes)
Event: 5.576 Thread 0x000001f3292988f0 nmethod 7146 0x000001f31197a910 code [0x000001f31197aac0, 0x000001f31197ae38]
Event: 5.576 Thread 0x000001f3292988f0 7147       4       java.util.stream.FindOps$FindSink::accept (18 bytes)
Event: 5.577 Thread 0x000001f3292988f0 nmethod 7147 0x000001f31197b010 code [0x000001f31197b180, 0x000001f31197b2f8]
Event: 5.577 Thread 0x000001f3292988f0 7148       4       java.util.Spliterators$EmptySpliterator$OfRef::tryAdvance (6 bytes)
Event: 5.578 Thread 0x000001f3292988f0 nmethod 7148 0x000001f31197b390 code [0x000001f31197b500, 0x000001f31197b598]
Event: 5.578 Thread 0x000001f3292988f0 7150       4       org.apache.ibatis.scripting.xmltags.TrimSqlNode$FilteredDynamicContext::applyAll (75 bytes)

GC Heap History (20 events):
Event: 4.780 GC heap after
{Heap after GC invocations=18 (full 0):
 garbage-first heap   total 106496K, used 44979K [0x000000070ae00000, 0x0000000800000000)
  region size 2048K, 3 young (6144K), 3 survivors (6144K)
 Metaspace       used 54455K, committed 54976K, reserved 1097728K
  class space    used 7171K, committed 7424K, reserved 1048576K
}
Event: 4.824 GC heap before
{Heap before GC invocations=18 (full 0):
 garbage-first heap   total 106496K, used 79795K [0x000000070ae00000, 0x0000000800000000)
  region size 2048K, 20 young (40960K), 3 survivors (6144K)
 Metaspace       used 54455K, committed 54976K, reserved 1097728K
  class space    used 7171K, committed 7424K, reserved 1048576K
}
Event: 4.827 GC heap after
{Heap after GC invocations=19 (full 0):
 garbage-first heap   total 106496K, used 46261K [0x000000070ae00000, 0x0000000800000000)
  region size 2048K, 3 young (6144K), 3 survivors (6144K)
 Metaspace       used 54455K, committed 54976K, reserved 1097728K
  class space    used 7171K, committed 7424K, reserved 1048576K
}
Event: 4.879 GC heap before
{Heap before GC invocations=19 (full 0):
 garbage-first heap   total 106496K, used 83125K [0x000000070ae00000, 0x0000000800000000)
  region size 2048K, 21 young (43008K), 3 survivors (6144K)
 Metaspace       used 54455K, committed 54976K, reserved 1097728K
  class space    used 7171K, committed 7424K, reserved 1048576K
}
Event: 4.882 GC heap after
{Heap after GC invocations=20 (full 0):
 garbage-first heap   total 176128K, used 47968K [0x000000070ae00000, 0x0000000800000000)
  region size 2048K, 3 young (6144K), 3 survivors (6144K)
 Metaspace       used 54455K, committed 54976K, reserved 1097728K
  class space    used 7171K, committed 7424K, reserved 1048576K
}
Event: 5.130 GC heap before
{Heap before GC invocations=20 (full 0):
 garbage-first heap   total 176128K, used 133984K [0x000000070ae00000, 0x0000000800000000)
  region size 2048K, 45 young (92160K), 3 survivors (6144K)
 Metaspace       used 54455K, committed 54976K, reserved 1097728K
  class space    used 7171K, committed 7424K, reserved 1048576K
}
Event: 5.138 GC heap after
{Heap after GC invocations=21 (full 0):
 garbage-first heap   total 176128K, used 51292K [0x000000070ae00000, 0x0000000800000000)
  region size 2048K, 4 young (8192K), 4 survivors (8192K)
 Metaspace       used 54455K, committed 54976K, reserved 1097728K
  class space    used 7171K, committed 7424K, reserved 1048576K
}
Event: 5.282 GC heap before
{Heap before GC invocations=21 (full 0):
 garbage-first heap   total 176128K, used 139356K [0x000000070ae00000, 0x0000000800000000)
  region size 2048K, 47 young (96256K), 4 survivors (8192K)
 Metaspace       used 54455K, committed 54976K, reserved 1097728K
  class space    used 7171K, committed 7424K, reserved 1048576K
}
Event: 5.286 GC heap after
{Heap after GC invocations=22 (full 0):
 garbage-first heap   total 176128K, used 55308K [0x000000070ae00000, 0x0000000800000000)
  region size 2048K, 5 young (10240K), 5 survivors (10240K)
 Metaspace       used 54455K, committed 54976K, reserved 1097728K
  class space    used 7171K, committed 7424K, reserved 1048576K
}
Event: 5.342 GC heap before
{Heap before GC invocations=22 (full 0):
 garbage-first heap   total 176128K, used 139276K [0x000000070ae00000, 0x0000000800000000)
  region size 2048K, 46 young (94208K), 5 survivors (10240K)
 Metaspace       used 54455K, committed 54976K, reserved 1097728K
  class space    used 7171K, committed 7424K, reserved 1048576K
}
Event: 5.347 GC heap after
{Heap after GC invocations=23 (full 0):
 garbage-first heap   total 176128K, used 58629K [0x000000070ae00000, 0x0000000800000000)
  region size 2048K, 4 young (8192K), 4 survivors (8192K)
 Metaspace       used 54455K, committed 54976K, reserved 1097728K
  class space    used 7171K, committed 7424K, reserved 1048576K
}
Event: 5.405 GC heap before
{Heap before GC invocations=23 (full 0):
 garbage-first heap   total 176128K, used 142597K [0x000000070ae00000, 0x0000000800000000)
  region size 2048K, 45 young (92160K), 4 survivors (8192K)
 Metaspace       used 54455K, committed 54976K, reserved 1097728K
  class space    used 7171K, committed 7424K, reserved 1048576K
}
Event: 5.409 GC heap after
{Heap after GC invocations=24 (full 0):
 garbage-first heap   total 264192K, used 62464K [0x000000070ae00000, 0x0000000800000000)
  region size 2048K, 4 young (8192K), 4 survivors (8192K)
 Metaspace       used 54455K, committed 54976K, reserved 1097728K
  class space    used 7171K, committed 7424K, reserved 1048576K
}
Event: 5.551 GC heap before
{Heap before GC invocations=24 (full 0):
 garbage-first heap   total 264192K, used 211968K [0x000000070ae00000, 0x0000000800000000)
  region size 2048K, 77 young (157696K), 4 survivors (8192K)
 Metaspace       used 54455K, committed 54976K, reserved 1097728K
  class space    used 7171K, committed 7424K, reserved 1048576K
}
Event: 5.557 GC heap after
{Heap after GC invocations=25 (full 0):
 garbage-first heap   total 264192K, used 68769K [0x000000070ae00000, 0x0000000800000000)
  region size 2048K, 7 young (14336K), 7 survivors (14336K)
 Metaspace       used 54455K, committed 54976K, reserved 1097728K
  class space    used 7171K, committed 7424K, reserved 1048576K
}
Event: 5.628 GC heap before
{Heap before GC invocations=25 (full 0):
 garbage-first heap   total 264192K, used 212129K [0x000000070ae00000, 0x0000000800000000)
  region size 2048K, 77 young (157696K), 7 survivors (14336K)
 Metaspace       used 54455K, committed 54976K, reserved 1097728K
  class space    used 7171K, committed 7424K, reserved 1048576K
}
Event: 5.635 GC heap after
{Heap after GC invocations=26 (full 0):
 garbage-first heap   total 264192K, used 75096K [0x000000070ae00000, 0x0000000800000000)
  region size 2048K, 9 young (18432K), 9 survivors (18432K)
 Metaspace       used 54455K, committed 54976K, reserved 1097728K
  class space    used 7171K, committed 7424K, reserved 1048576K
}
Event: 5.702 GC heap before
{Heap before GC invocations=26 (full 0):
 garbage-first heap   total 264192K, used 214360K [0x000000070ae00000, 0x0000000800000000)
  region size 2048K, 77 young (157696K), 9 survivors (18432K)
 Metaspace       used 54455K, committed 54976K, reserved 1097728K
  class space    used 7171K, committed 7424K, reserved 1048576K
}
Event: 5.710 GC heap after
{Heap after GC invocations=27 (full 0):
 garbage-first heap   total 264192K, used 81661K [0x000000070ae00000, 0x0000000800000000)
  region size 2048K, 7 young (14336K), 7 survivors (14336K)
 Metaspace       used 54455K, committed 54976K, reserved 1097728K
  class space    used 7171K, committed 7424K, reserved 1048576K
}
Event: 5.793 GC heap before
{Heap before GC invocations=27 (full 0):
 garbage-first heap   total 264192K, used 216829K [0x000000070ae00000, 0x0000000800000000)
  region size 2048K, 73 young (149504K), 7 survivors (14336K)
 Metaspace       used 54455K, committed 54976K, reserved 1097728K
  class space    used 7171K, committed 7424K, reserved 1048576K
}

Deoptimization events (20 events):
Event: 4.545 Thread 0x000001f32e8eb8c0 DEOPT PACKING pc=0x000001f30a468f52 sp=0x000000e142dfd240
Event: 4.545 Thread 0x000001f32e8eb8c0 DEOPT UNPACKING pc=0x000001f310d12b43 sp=0x000000e142dfc740 mode 0
Event: 4.546 Thread 0x000001f32e8e88a0 DEOPT PACKING pc=0x000001f30a468f52 sp=0x000000e1435fd500
Event: 4.546 Thread 0x000001f32e8e88a0 DEOPT UNPACKING pc=0x000001f310d12b43 sp=0x000000e1435fca00 mode 0
Event: 4.547 Thread 0x000001f32e8eb8c0 DEOPT PACKING pc=0x000001f30a468f52 sp=0x000000e142dfd240
Event: 4.547 Thread 0x000001f32e8eb8c0 DEOPT UNPACKING pc=0x000001f310d12b43 sp=0x000000e142dfc740 mode 0
Event: 4.549 Thread 0x000001f32766ce00 DEOPT PACKING pc=0x000001f30a468f52 sp=0x000000e1428fcf70
Event: 4.549 Thread 0x000001f32766ce00 DEOPT UNPACKING pc=0x000001f310d12b43 sp=0x000000e1428fc470 mode 0
Event: 4.652 Thread 0x000001f32e8e9710 DEOPT PACKING pc=0x000001f30a36b6ed sp=0x000000e1438fdf20
Event: 4.652 Thread 0x000001f32e8e9710 DEOPT UNPACKING pc=0x000001f310d12b43 sp=0x000000e1438fd3a8 mode 0
Event: 4.658 Thread 0x000001f32e8e9710 DEOPT PACKING pc=0x000001f30a36b6ed sp=0x000000e1438fdf50
Event: 4.658 Thread 0x000001f32e8e9710 DEOPT UNPACKING pc=0x000001f310d12b43 sp=0x000000e1438fd3d8 mode 0
Event: 4.721 Thread 0x000001f32e8e9710 DEOPT PACKING pc=0x000001f30a36b6ed sp=0x000000e1438fddf0
Event: 4.721 Thread 0x000001f32e8e9710 DEOPT UNPACKING pc=0x000001f310d12b43 sp=0x000000e1438fd278 mode 0
Event: 4.725 Thread 0x000001f32e8e9710 DEOPT PACKING pc=0x000001f30a36b6ed sp=0x000000e1438fe130
Event: 4.725 Thread 0x000001f32e8e9710 DEOPT UNPACKING pc=0x000001f310d12b43 sp=0x000000e1438fd5b8 mode 0
Event: 5.416 Thread 0x000001f32766ce00 DEOPT PACKING pc=0x000001f30a4ec964 sp=0x000000e1428fd580
Event: 5.416 Thread 0x000001f32766ce00 DEOPT UNPACKING pc=0x000001f310d12b43 sp=0x000000e1428fc9e8 mode 0
Event: 5.448 Thread 0x000001f32e8eb8c0 DEOPT PACKING pc=0x000001f30a49b7b6 sp=0x000000e142dfd800
Event: 5.448 Thread 0x000001f32e8eb8c0 DEOPT UNPACKING pc=0x000001f310d12b43 sp=0x000000e142dfcca8 mode 0

Classes unloaded (10 events):
Event: 4.597 Thread 0x000001f32531a360 Unloading class 0x0000000801320000 'java/lang/invoke/LambdaForm$MH+0x0000000801320000'
Event: 4.597 Thread 0x000001f32531a360 Unloading class 0x000000080131fc00 'java/lang/invoke/LambdaForm$MH+0x000000080131fc00'
Event: 4.597 Thread 0x000001f32531a360 Unloading class 0x000000080131f400 'java/lang/invoke/LambdaForm$MH+0x000000080131f400'
Event: 4.597 Thread 0x000001f32531a360 Unloading class 0x000000080131ec00 'java/lang/invoke/LambdaForm$MH+0x000000080131ec00'
Event: 4.597 Thread 0x000001f32531a360 Unloading class 0x000000080131e000 'java/lang/invoke/LambdaForm$MH+0x000000080131e000'
Event: 4.597 Thread 0x000001f32531a360 Unloading class 0x000000080131d800 'java/lang/invoke/LambdaForm$MH+0x000000080131d800'
Event: 4.597 Thread 0x000001f32531a360 Unloading class 0x000000080131d000 'java/lang/invoke/LambdaForm$MH+0x000000080131d000'
Event: 4.597 Thread 0x000001f32531a360 Unloading class 0x000000080131c800 'java/lang/invoke/LambdaForm$MH+0x000000080131c800'
Event: 4.597 Thread 0x000001f32531a360 Unloading class 0x000000080131c000 'java/lang/invoke/LambdaForm$MH+0x000000080131c000'
Event: 4.597 Thread 0x000001f32531a360 Unloading class 0x0000000801210000 'net/bytebuddy/mirror/AccessibleObject'

Classes redefined (0 events):
No events

Internal exceptions (20 events):
Event: 2.977 Thread 0x000001f301ff4310 Exception <a 'java/lang/NoSuchMethodError'{0x000000070f0bbfe0}: 'void java.lang.invoke.DirectMethodHandle$Holder.invokeVirtual(java.lang.Object, java.lang.Object, long)'> (0x000000070f0bbfe0) 
thrown [s\open\src\hotspot\share\interpreter\linkResolver.cpp, line 759]
Event: 3.054 Thread 0x000001f301ff4310 Exception <a 'java/lang/NoSuchMethodError'{0x000000070ed11620}: 'int java.lang.invoke.DirectMethodHandle$Holder.invokeStaticInit(java.lang.Object, java.lang.Object, java.lang.Object, java.lang.Object)'> (0x000000070ed11620) 
thrown [s\open\src\hotspot\share\interpreter\linkResolver.cpp, line 759]
Event: 3.081 Thread 0x000001f301ff4310 Exception <a 'java/lang/NoSuchMethodError'{0x000000070e6bee78}: 'void java.lang.invoke.DirectMethodHandle$Holder.invokeStatic(java.lang.Object, java.lang.Object, int)'> (0x000000070e6bee78) 
thrown [s\open\src\hotspot\share\interpreter\linkResolver.cpp, line 759]
Event: 3.274 Thread 0x000001f301ff4310 Exception <a 'java/lang/IncompatibleClassChangeError'{0x000000070ddc3ec0}: Found class java.lang.Object, but interface was expected> (0x000000070ddc3ec0) 
thrown [s\open\src\hotspot\share\interpreter\linkResolver.cpp, line 826]
Event: 3.299 Thread 0x000001f301ff4310 Exception <a 'java/lang/NoSuchMethodError'{0x000000070db201b0}: 'java.lang.Object java.lang.invoke.DirectMethodHandle$Holder.newInvokeSpecial(java.lang.Object, java.lang.Object, int, java.lang.Object, java.lang.Object)'> (0x000000070db201b0) 
thrown [s\open\src\hotspot\share\interpreter\linkResolver.cpp, line 759]
Event: 3.300 Thread 0x000001f301ff4310 Exception <a 'java/lang/NoSuchMethodError'{0x000000070db2bd78}: 'java.lang.Object java.lang.invoke.DirectMethodHandle$Holder.invokeSpecial(java.lang.Object, java.lang.Object, int, java.lang.Object, int, java.lang.Object)'> (0x000000070db2bd78) 
thrown [s\open\src\hotspot\share\interpreter\linkResolver.cpp, line 759]
Event: 3.300 Thread 0x000001f301ff4310 Exception <a 'java/lang/NoSuchMethodError'{0x000000070db34378}: 'java.lang.Object java.lang.invoke.DirectMethodHandle$Holder.newInvokeSpecial(java.lang.Object, java.lang.Object, int, java.lang.Object, int)'> (0x000000070db34378) 
thrown [s\open\src\hotspot\share\interpreter\linkResolver.cpp, line 759]
Event: 3.301 Thread 0x000001f301ff4310 Exception <a 'java/lang/NoSuchMethodError'{0x000000070db389c8}: 'java.lang.Object java.lang.invoke.DirectMethodHandle$Holder.invokeSpecial(java.lang.Object, java.lang.Object, java.lang.Object, int, java.lang.Object, int)'> (0x000000070db389c8) 
thrown [s\open\src\hotspot\share\interpreter\linkResolver.cpp, line 759]
Event: 3.383 Thread 0x000001f301ff4310 Exception <a 'java/lang/reflect/InvocationTargetException'{0x000000071a0c07f8}> (0x000000071a0c07f8) 
thrown [s\open\src\hotspot\share\runtime\reflection.cpp, line 1121]
Event: 3.393 Thread 0x000001f301ff4310 Exception <a 'java/lang/NoSuchMethodError'{0x000000071a0e16f0}: 'void java.lang.invoke.DirectMethodHandle$Holder.invokeStatic(java.lang.Object, long)'> (0x000000071a0e16f0) 
thrown [s\open\src\hotspot\share\interpreter\linkResolver.cpp, line 759]
Event: 3.393 Thread 0x000001f301ff4310 Exception <a 'java/lang/NoSuchMethodError'{0x000000071a0e70b0}: 'java.lang.Object java.lang.invoke.DirectMethodHandle$Holder.newInvokeSpecial(java.lang.Object, long)'> (0x000000071a0e70b0) 
thrown [s\open\src\hotspot\share\interpreter\linkResolver.cpp, line 759]
Event: 3.621 Thread 0x000001f301ff4310 Exception <a 'java/lang/NoSuchMethodError'{0x000000071a0f6a78}: 'java.lang.Object java.lang.invoke.DirectMethodHandle$Holder.invokeStaticInit(java.lang.Object, int, int, int, int)'> (0x000000071a0f6a78) 
thrown [s\open\src\hotspot\share\interpreter\linkResolver.cpp, line 759]
Event: 3.660 Thread 0x000001f301ff4310 Exception <a 'java/lang/NoSuchMethodError'{0x0000000716877c00}: 'java.lang.Object java.lang.invoke.DirectMethodHandle$Holder.invokeStaticInit(java.lang.Object, java.lang.Object, int, int, int, int)'> (0x0000000716877c00) 
thrown [s\open\src\hotspot\share\interpreter\linkResolver.cpp, line 759]
Event: 3.971 Thread 0x000001f301ff4310 Implicit null exception at 0x000001f3117c7149 to 0x000001f3117cac1c
Event: 3.971 Thread 0x000001f301ff4310 Implicit null exception at 0x000001f311536aa4 to 0x000001f311537540
Event: 4.029 Thread 0x000001f301ff4310 Exception <a 'java/lang/ClassNotFoundException'{0x000000070e7d7990}: java/lang/ClassLoader$ByteBuddyAccessor$V1> (0x000000070e7d7990) 
thrown [s\open\src\hotspot\share\classfile\systemDictionary.cpp, line 256]
Event: 4.135 Thread 0x000001f301ff4310 Exception <a 'java/lang/NoSuchMethodError'{0x000000070dfb8868}: 'java.lang.Object java.lang.invoke.DirectMethodHandle$Holder.newInvokeSpecial(java.lang.Object, java.lang.Object, java.lang.Object, int)'> (0x000000070dfb8868) 
thrown [s\open\src\hotspot\share\interpreter\linkResolver.cpp, line 759]
Event: 4.268 Thread 0x000001f32766eae0 Exception <a 'sun/nio/fs/WindowsException'{0x000000070ea8b4c8}> (0x000000070ea8b4c8) 
thrown [s\open\src\hotspot\share\prims\jni.cpp, line 516]
Event: 4.393 Thread 0x000001f32e8e88a0 Exception <a 'java/lang/NoSuchMethodError'{0x000000070e4d8bb0}: 'java.lang.Object java.lang.invoke.DirectMethodHandle$Holder.newInvokeSpecial(java.lang.Object, java.lang.Object, int, java.lang.Object)'> (0x000000070e4d8bb0) 
thrown [s\open\src\hotspot\share\interpreter\linkResolver.cpp, line 759]
Event: 4.393 Thread 0x000001f32e8e88a0 Exception <a 'java/lang/NoSuchMethodError'{0x000000070e4dcd88}: 'java.lang.Object java.lang.invoke.Invokers$Holder.linkToTargetMethod(java.lang.Object, int, java.lang.Object, java.lang.Object)'> (0x000000070e4dcd88) 
thrown [s\open\src\hotspot\share\interpreter\linkResolver.cpp, line 759]

VM Operations (20 events):
Event: 4.780 Executing VM operation: G1CollectForAllocation done
Event: 4.824 Executing VM operation: G1CollectForAllocation
Event: 4.828 Executing VM operation: G1CollectForAllocation done
Event: 4.879 Executing VM operation: G1CollectForAllocation
Event: 4.883 Executing VM operation: G1CollectForAllocation done
Event: 5.130 Executing VM operation: G1CollectForAllocation
Event: 5.140 Executing VM operation: G1CollectForAllocation done
Event: 5.282 Executing VM operation: G1CollectForAllocation
Event: 5.287 Executing VM operation: G1CollectForAllocation done
Event: 5.342 Executing VM operation: G1CollectForAllocation
Event: 5.347 Executing VM operation: G1CollectForAllocation done
Event: 5.405 Executing VM operation: G1CollectForAllocation
Event: 5.410 Executing VM operation: G1CollectForAllocation done
Event: 5.551 Executing VM operation: G1CollectForAllocation
Event: 5.557 Executing VM operation: G1CollectForAllocation done
Event: 5.628 Executing VM operation: G1CollectForAllocation
Event: 5.635 Executing VM operation: G1CollectForAllocation done
Event: 5.701 Executing VM operation: G1CollectForAllocation
Event: 5.710 Executing VM operation: G1CollectForAllocation done
Event: 5.793 Executing VM operation: G1CollectForAllocation

Events (20 events):
Event: 4.449 loading class com/mysql/cj/Session
Event: 4.449 loading class com/mysql/cj/Session done
Event: 4.449 loading class com/zaxxer/hikari/pool/HikariProxyPreparedStatement
Event: 4.449 loading class com/zaxxer/hikari/pool/HikariProxyPreparedStatement done
Event: 4.449 loading class com/zaxxer/hikari/pool/ProxyPreparedStatement
Event: 4.449 loading class com/zaxxer/hikari/pool/ProxyPreparedStatement done
Event: 4.449 loading class com/zaxxer/hikari/pool/ProxyStatement
Event: 4.449 loading class com/zaxxer/hikari/pool/ProxyStatement done
Event: 4.450 loading class org/apache/ibatis/logging/jdbc/PreparedStatementLogger
Event: 4.450 loading class org/apache/ibatis/logging/jdbc/PreparedStatementLogger done
Event: 4.459 loading class org/apache/ibatis/executor/statement/StatementUtil
Event: 4.459 loading class org/apache/ibatis/executor/statement/StatementUtil done
Event: 4.460 loading class org/apache/ibatis/executor/BatchResult
Event: 4.460 loading class org/apache/ibatis/executor/BatchResult done
Event: 4.487 Thread 0x000001f32a03edf0 Thread added: 0x000001f32a03edf0
Event: 5.172 loading class org/apache/ibatis/mapping/ParameterMapping$1
Event: 5.172 loading class org/apache/ibatis/mapping/ParameterMapping$1 done
Event: 5.275 Thread 0x000001f326a655f0 Thread exited: 0x000001f326a655f0
Event: 5.276 Thread 0x000001f325e5cab0 Thread exited: 0x000001f325e5cab0
Event: 5.277 Thread 0x000001f325e58590 Thread exited: 0x000001f325e58590


Dynamic libraries:
0x00007ff6f4f90000 - 0x00007ff6f4fa0000 	E:\JDK17\bin\java.exe
0x00007ffea9890000 - 0x00007ffea9a85000 	C:\Windows\SYSTEM32\ntdll.dll
0x00007ffea7930000 - 0x00007ffea79ed000 	C:\Windows\System32\KERNEL32.DLL
0x00007ffea71f0000 - 0x00007ffea74b8000 	C:\Windows\System32\KERNELBASE.dll
0x00007ffea7690000 - 0x00007ffea7790000 	C:\Windows\System32\ucrtbase.dll
0x00007ffe4dd40000 - 0x00007ffe4dd5b000 	E:\JDK17\bin\VCRUNTIME140.dll
0x00007ffe4c750000 - 0x00007ffe4c769000 	E:\JDK17\bin\jli.dll
0x00007ffea9670000 - 0x00007ffea971c000 	C:\Windows\System32\ADVAPI32.dll
0x00007ffea79f0000 - 0x00007ffea7a8e000 	C:\Windows\System32\msvcrt.dll
0x00007ffea8190000 - 0x00007ffea822b000 	C:\Windows\System32\sechost.dll
0x00007ffea8b90000 - 0x00007ffea8cbb000 	C:\Windows\System32\RPCRT4.dll
0x00007ffea8ff0000 - 0x00007ffea9190000 	C:\Windows\System32\USER32.dll
0x00007ffea7560000 - 0x00007ffea7582000 	C:\Windows\System32\win32u.dll
0x00007ffe8f760000 - 0x00007ffe8f9fa000 	C:\Windows\WinSxS\amd64_microsoft.windows.common-controls_6595b64144ccf1df_6.0.19041.844_none_ca00b6081b84eb1d\COMCTL32.dll
0x00007ffea7900000 - 0x00007ffea792a000 	C:\Windows\System32\GDI32.dll
0x00007ffea7060000 - 0x00007ffea716b000 	C:\Windows\System32\gdi32full.dll
0x00007ffea74c0000 - 0x00007ffea755d000 	C:\Windows\System32\msvcp_win.dll
0x00007ffe9e6f0000 - 0x00007ffe9e6fa000 	C:\Windows\SYSTEM32\VERSION.dll
0x00007ffea8140000 - 0x00007ffea8170000 	C:\Windows\System32\IMM32.DLL
0x00007ffea2920000 - 0x00007ffea292c000 	E:\JDK17\bin\vcruntime140_1.dll
0x00007ffe183d0000 - 0x00007ffe1845e000 	E:\JDK17\bin\msvcp140.dll
0x00007ffe177f0000 - 0x00007ffe183cd000 	E:\JDK17\bin\server\jvm.dll
0x00007ffea78f0000 - 0x00007ffea78f8000 	C:\Windows\System32\PSAPI.DLL
0x00007ffe9dc20000 - 0x00007ffe9dc47000 	C:\Windows\SYSTEM32\WINMM.dll
0x00007ffea27d0000 - 0x00007ffea27d9000 	C:\Windows\SYSTEM32\WSOCK32.dll
0x00007ffea7f60000 - 0x00007ffea7fcb000 	C:\Windows\System32\WS2_32.dll
0x00007ffea58a0000 - 0x00007ffea58b2000 	C:\Windows\SYSTEM32\kernel.appcore.dll
0x00007ffe7e8d0000 - 0x00007ffe7e8da000 	E:\JDK17\bin\jimage.dll
0x00007ffea5690000 - 0x00007ffea5874000 	C:\Windows\SYSTEM32\DBGHELP.DLL
0x00007ffe88e90000 - 0x00007ffe88ebc000 	C:\Windows\SYSTEM32\dbgcore.DLL
0x00007ffea7170000 - 0x00007ffea71f0000 	C:\Windows\System32\bcryptPrimitives.dll
0x00007ffea2950000 - 0x00007ffea295e000 	E:\JDK17\bin\instrument.dll
0x00007ffe4c130000 - 0x00007ffe4c155000 	E:\JDK17\bin\java.dll
0x00007ffe17710000 - 0x00007ffe177e7000 	E:\JDK17\bin\jsvml.dll
0x00007ffea8230000 - 0x00007ffea8972000 	C:\Windows\System32\SHELL32.dll
0x00007ffea4e20000 - 0x00007ffea55b1000 	C:\Windows\SYSTEM32\windows.storage.dll
0x00007ffea9310000 - 0x00007ffea9665000 	C:\Windows\System32\combase.dll
0x00007ffea6a40000 - 0x00007ffea6a6c000 	C:\Windows\SYSTEM32\Wldp.dll
0x00007ffea8f30000 - 0x00007ffea8fde000 	C:\Windows\System32\SHCORE.dll
0x00007ffea9720000 - 0x00007ffea9775000 	C:\Windows\System32\shlwapi.dll
0x00007ffea6f10000 - 0x00007ffea6f2f000 	C:\Windows\SYSTEM32\profapi.dll
0x00007ffe4a6e0000 - 0x00007ffe4a6f8000 	E:\JDK17\bin\zip.dll
0x00007ffe4af90000 - 0x00007ffe4afa9000 	E:\JDK17\bin\net.dll
0x00007ffea2120000 - 0x00007ffea222b000 	C:\Windows\SYSTEM32\WINHTTP.dll
0x00007ffea67b0000 - 0x00007ffea681a000 	C:\Windows\system32\mswsock.dll
0x00007ffe4a930000 - 0x00007ffe4a946000 	E:\JDK17\bin\nio.dll
0x00007ffe9b540000 - 0x00007ffe9b55a000 	E:\develop\IntelliJ_IDEA_Ultimate\IntelliJ IDEA 2023.2.4\bin\breakgen64.dll
0x00007ffe7b040000 - 0x00007ffe7b050000 	E:\JDK17\bin\verify.dll
0x00007ffea0770000 - 0x00007ffea077d000 	E:\JDK17\bin\sunmscapi.dll
0x00007ffea7790000 - 0x00007ffea78ef000 	C:\Windows\System32\CRYPT32.dll
0x00007ffea6ab0000 - 0x00007ffea6ad7000 	C:\Windows\SYSTEM32\ncrypt.dll
0x00007ffea6a70000 - 0x00007ffea6aab000 	C:\Windows\SYSTEM32\NTASN1.dll
0x00007ffe884f0000 - 0x00007ffe8853b000 	C:\Program Files (x86)\Sangfor\SSL\ClientComponent\SangforNspX64.dll
0x00007ffea8980000 - 0x00007ffea8aaa000 	C:\Windows\System32\ole32.dll
0x00007ffea9780000 - 0x00007ffea984d000 	C:\Windows\System32\OLEAUT32.dll
0x00007ffe884d0000 - 0x00007ffe884e7000 	C:\Windows\system32\napinsp.dll
0x00007ffe884b0000 - 0x00007ffe884cb000 	C:\Windows\system32\pnrpnsp.dll
0x00007ffe883e0000 - 0x00007ffe883f5000 	C:\Windows\system32\wshbth.dll
0x00007ffea24f0000 - 0x00007ffea250d000 	C:\Windows\system32\NLAapi.dll
0x00007ffea6450000 - 0x00007ffea648b000 	C:\Windows\SYSTEM32\IPHLPAPI.DLL
0x00007ffea64a0000 - 0x00007ffea656c000 	C:\Windows\SYSTEM32\DNSAPI.dll
0x00007ffea8fe0000 - 0x00007ffea8fe8000 	C:\Windows\System32\NSI.dll
0x00007ffe88340000 - 0x00007ffe88352000 	C:\Windows\System32\winrnr.dll
0x00007ffea0130000 - 0x00007ffea013a000 	C:\Windows\System32\rasadhlp.dll
0x00007ffe9e8f0000 - 0x00007ffe9e96f000 	C:\Windows\System32\fwpuclnt.dll
0x00007ffea7030000 - 0x00007ffea7057000 	C:\Windows\System32\bcrypt.dll
0x00007ffea0140000 - 0x00007ffea0157000 	C:\Windows\SYSTEM32\dhcpcsvc6.DLL
0x00007ffea0510000 - 0x00007ffea052d000 	C:\Windows\SYSTEM32\dhcpcsvc.DLL
0x00007ffea2910000 - 0x00007ffea291a000 	E:\JDK17\bin\management.dll
0x00007ffea0c80000 - 0x00007ffea0c8b000 	E:\JDK17\bin\management_ext.dll
0x00007ffea6980000 - 0x00007ffea6998000 	C:\Windows\SYSTEM32\CRYPTSP.dll
0x00007ffea60e0000 - 0x00007ffea6114000 	C:\Windows\system32\rsaenh.dll
0x00007ffea6e90000 - 0x00007ffea6ebe000 	C:\Windows\SYSTEM32\USERENV.dll
0x00007ffea69a0000 - 0x00007ffea69ac000 	C:\Windows\SYSTEM32\CRYPTBASE.dll

dbghelp: loaded successfully - version: 4.0.5 - missing functions: none
symbol engine: initialized successfully - sym options: 0x614 - pdb path: .;E:\JDK17\bin;C:\Windows\SYSTEM32;C:\Windows\WinSxS\amd64_microsoft.windows.common-controls_6595b64144ccf1df_6.0.19041.844_none_ca00b6081b84eb1d;E:\JDK17\bin\server;E:\develop\IntelliJ_IDEA_Ultimate\IntelliJ IDEA 2023.2.4\bin;C:\Program Files (x86)\Sangfor\SSL\ClientComponent

VM Arguments:
jvm_args: -ea -Didea.test.cyclic.buffer.size=1048576 -javaagent:E:\develop\IntelliJ_IDEA_Ultimate\IntelliJ IDEA 2023.2.4\lib\idea_rt.jar=7004:E:\develop\IntelliJ_IDEA_Ultimate\IntelliJ IDEA 2023.2.4\bin -Dfile.encoding=UTF-8 
java_command: com.intellij.rt.junit.JUnitStarter -ideVersion5 -junit5 com.waihai.usercenter.service.InsertUserTest,doConcurrencyInsertUser
java_class_path (initial): C:\Users\Administrator\.m2\repository\org\junit\platform\junit-platform-launcher\1.10.1\junit-platform-launcher-1.10.1.jar;C:\Users\Administrator\.m2\repository\org\junit\platform\junit-platform-engine\1.10.1\junit-platform-engine-1.10.1.jar;C:\Users\Administrator\.m2\repository\org\opentest4j\opentest4j\1.3.0\opentest4j-1.3.0.jar;C:\Users\Administrator\.m2\repository\org\junit\platform\junit-platform-commons\1.10.1\junit-platform-commons-1.10.1.jar;C:\Users\Administrator\.m2\repository\org\apiguardian\apiguardian-api\1.1.2\apiguardian-api-1.1.2.jar;C:\Users\Administrator\.m2\repository\org\junit\vintage\junit-vintage-engine\5.10.1\junit-vintage-engine-5.10.1.jar;E:\develop\IntelliJ_IDEA_Ultimate\IntelliJ IDEA 2023.2.4\lib\idea_rt.jar;E:\develop\IntelliJ_IDEA_Ultimate\IntelliJ IDEA 2023.2.4\plugins\junit\lib\junit5-rt.jar;E:\develop\IntelliJ_IDEA_Ultimate\IntelliJ IDEA 2023.2.4\plugins\junit\lib\junit-rt.jar;E:\develop\IntelliJ_IDEA_Ultimate\JavaCode\user-center-plus\target\test-classes;E:\develop\IntelliJ_IDEA_Ultimate\JavaCode\user-center-plus\target\classes;E:\develop\Maven\repository\org\springframework\boot\spring-boot-starter-web\3.2.2\spring-boot-starter-web-3.2.2.jar;E:\develop\Maven\repository\org\springframework\boot\spring-boot-starter\3.2.2\spring-boot-starter-3.2.2.jar;E:\develop\Maven\repository\org\springframework\boot\spring-boot-starter-logging\3.2.2\spring-boot-starter-logging-3.2.2.jar;E:\develop\Maven\repository\ch\qos\logback\logback-classic\1.4.14\logback-classic-1.4.14.jar;E:\develop\Maven\repository\ch\qos\logback\logback-core\1.4.14\logback-core-1.4.14.jar;E:\develop\Maven\repository\org\apache\logging\log4j\log4j-to-slf4j\2.21.1\log4j-to-slf4j-2.21.1.jar;E:\develop\Maven\repository\org\apache\logging\log4j\log4j-api\2.21.1\log4j-api-2.21.1.jar;E:\develop\Maven\repository\org\slf4j\jul-to-slf4j\2.0.11\jul-to-slf4j-2.0.11.jar;E:\develop\Maven\repository\jakarta\annotation\jakarta.annotation-api\2.1.1\jakarta.annot
Launcher Type: SUN_STANDARD

[Global flags]
     intx CICompilerCount                          = 12                                        {product} {ergonomic}
     uint ConcGCThreads                            = 3                                         {product} {ergonomic}
     uint G1ConcRefinementThreads                  = 13                                        {product} {ergonomic}
   size_t G1HeapRegionSize                         = 2097152                                   {product} {ergonomic}
    uintx GCDrainStackTargetSize                   = 64                                        {product} {ergonomic}
   size_t InitialHeapSize                          = 257949696                                 {product} {ergonomic}
   size_t MarkStackSize                            = 4194304                                   {product} {ergonomic}
   size_t MaxHeapSize                              = 4112515072                                {product} {ergonomic}
   size_t MaxNewSize                               = 2466250752                                {product} {ergonomic}
   size_t MinHeapDeltaBytes                        = 2097152                                   {product} {ergonomic}
   size_t MinHeapSize                              = 8388608                                   {product} {ergonomic}
    uintx NonNMethodCodeHeapSize                   = 7602480                                {pd product} {ergonomic}
    uintx NonProfiledCodeHeapSize                  = 122027880                              {pd product} {ergonomic}
    uintx ProfiledCodeHeapSize                     = 122027880                              {pd product} {ergonomic}
    uintx ReservedCodeCacheSize                    = 251658240                              {pd product} {ergonomic}
     bool SegmentedCodeCache                       = true                                      {product} {ergonomic}
   size_t SoftMaxHeapSize                          = 4112515072                             {manageable} {ergonomic}
     bool UseCompressedClassPointers               = true                           {product lp64_product} {ergonomic}
     bool UseCompressedOops                        = true                           {product lp64_product} {ergonomic}
     bool UseG1GC                                  = true                                      {product} {ergonomic}
     bool UseLargePagesIndividualAllocation        = false                                  {pd product} {ergonomic}

Logging:
Log output configuration:
 #0: stdout all=warning uptime,level,tags
 #1: stderr all=off uptime,level,tags

Environment Variables:
JAVA_HOME=E:\JDK17
PATH=E:\JDK17\bin;C:\Program Files (x86)\Common Files\Oracle\Java\javapath;E:\MySql\Install\bin;E:\JDK8\bin;C:\Program Files\Common Files\Oracle\Java\javapath;C:\Windows\system32;C:\Windows;C:\Windows\System32\Wbem;C:\Windows\System32\WindowsPowerShell\v1.0\;C:\Windows\System32\OpenSSH\;E:\develop\VSCode\Microsoft VS Code\bin;C:\Program Files\Bandizip\;C:\Program Files\TortoiseGit\bin;E:\develop\nodejs\node_global\bin;E:\develop\apache-maven-3.6.1\bin;E:\develop\Anaconda3;E:\develop\Anaconda3\Scripts;E:\develop\Anaconda3\Library\bin;E:\develop\Anaconda3\Library\mingw-w64\bin;E:\develop\Anaconda3\Library\usr\bin;E:\develop\nodejs18\node_global\node_modules;C:\Program Files (x86)\Yarn\bin\;E:\develop\nodejs18\;E:\VSCode\Microsoft VS Code\bin;E:\develop\Git\cmd;C:\Users\Administrator\AppData\Local\Microsoft\WindowsApps;E:\develop\IntelliJ_IDEA_Ultimate\IntelliJ IDEA 2023.2.4\bin;;C:\mingw64\bin;E:\IDEA 2023.1.3\IDEA\IntelliJ IDEA Community Edition 2023.1.3\bin;;C:\Users\Administrator\AppData\Local\Pandoc\;E:\develop\WebStorm\WebStorm 2023.3.2\bin;;E:\develop\nodejs18\node_global;C:\Users\Administrator\AppData\Local\Yarn\bin;C:\Users\Administrator\AppData\Roaming\npm;
USERNAME=
OS=Windows_NT
PROCESSOR_IDENTIFIER=AMD64 Family 25 Model 80 Stepping 0, AuthenticAMD



---------------  S Y S T E M  ---------------

OS:
 Windows 10 , 64 bit Build 19041 (10.0.19041.928)
OS uptime: 5 days 22:23 hours

CPU: total 16 (initial active 16) (16 cores per cpu, 2 threads per core) family 25 model 80 stepping 0 microcode 0x0, cx8, cmov, fxsr, ht, mmx, 3dnowpref, sse, sse2, sse3, ssse3, sse4a, sse4.1, sse4.2, popcnt, lzcnt, tsc, tscinvbit, avx, avx2, aes, erms, clmul, bmi1, bmi2, adx, sha, fma, vzeroupper, clflush, clflushopt

Memory: 4k page, system-wide physical 15681M (2865M free)
TotalPageFile size 18971M (AvailPageFile size 5M)
current process WorkingSet (physical memory assigned to process): 566M, peak: 568M
current process commit charge ("private bytes"): 853M, peak: 856M

vm_info: Java HotSpot(TM) 64-Bit Server VM (17.0.7+8-LTS-224) for windows-amd64 JRE (17.0.7+8-LTS-224), built on Feb 28 2023 23:03:02 by "mach5one" with MS VC++ 17.1 (VS2022)

END.
